{"total": {"lines":{"total":7285,"covered":237,"skipped":0,"pct":3.25},"statements":{"total":8711,"covered":271,"skipped":0,"pct":3.11},"functions":{"total":2358,"covered":56,"skipped":0,"pct":2.37},"branches":{"total":6785,"covered":105,"skipped":0,"pct":1.54},"branchesTrue":{"total":0,"covered":0,"skipped":0,"pct":100}}
,"/home/josue/Documents/Projects/mission-control/frontend/src/main.tsx": {"lines":{"total":76,"covered":0,"skipped":0,"pct":0},"functions":{"total":39,"covered":0,"skipped":0,"pct":0},"statements":{"total":108,"covered":0,"skipped":0,"pct":0},"branches":{"total":32,"covered":0,"skipped":0,"pct":0}}
,"/home/josue/Documents/Projects/mission-control/frontend/src/tauri.d.ts": {"lines":{"total":0,"covered":0,"skipped":0,"pct":100},"functions":{"total":0,"covered":0,"skipped":0,"pct":100},"statements":{"total":0,"covered":0,"skipped":0,"pct":100},"branches":{"total":0,"covered":0,"skipped":0,"pct":100}}
,"/home/josue/Documents/Projects/mission-control/frontend/src/components/AuthGuard.tsx": {"lines":{"total":28,"covered":0,"skipped":0,"pct":0},"functions":{"total":5,"covered":0,"skipped":0,"pct":0},"statements":{"total":30,"covered":0,"skipped":0,"pct":0},"branches":{"total":19,"covered":0,"skipped":0,"pct":0}}
,"/home/josue/Documents/Projects/mission-control/frontend/src/components/BackendErrorBanner.tsx": {"lines":{"total":1,"covered":0,"skipped":0,"pct":0},"functions":{"total":1,"covered":0,"skipped":0,"pct":0},"statements":{"total":1,"covered":0,"skipped":0,"pct":0},"branches":{"total":3,"covered":0,"skipped":0,"pct":0}}
,"/home/josue/Documents/Projects/mission-control/frontend/src/components/CommandPalette.tsx": {"lines":{"total":189,"covered":0,"skipped":0,"pct":0},"functions":{"total":63,"covered":0,"skipped":0,"pct":0},"statements":{"total":212,"covered":0,"skipped":0,"pct":0},"branches":{"total":142,"covered":0,"skipped":0,"pct":0}}
,"/home/josue/Documents/Projects/mission-control/frontend/src/components/ConnectionStatus.tsx": {"lines":{"total":29,"covered":0,"skipped":0,"pct":0},"functions":{"total":14,"covered":0,"skipped":0,"pct":0},"statements":{"total":33,"covered":0,"skipped":0,"pct":0},"branches":{"total":24,"covered":0,"skipped":0,"pct":0}}
,"/home/josue/Documents/Projects/mission-control/frontend/src/components/ContextMenu.tsx": {"lines":{"total":26,"covered":0,"skipped":0,"pct":0},"functions":{"total":11,"covered":0,"skipped":0,"pct":0},"statements":{"total":31,"covered":0,"skipped":0,"pct":0},"branches":{"total":18,"covered":0,"skipped":0,"pct":0}}
,"/home/josue/Documents/Projects/mission-control/frontend/src/components/DemoModeBanner.tsx": {"lines":{"total":6,"covered":0,"skipped":0,"pct":0},"functions":{"total":5,"covered":0,"skipped":0,"pct":0},"statements":{"total":6,"covered":0,"skipped":0,"pct":0},"branches":{"total":0,"covered":0,"skipped":0,"pct":100}}
,"/home/josue/Documents/Projects/mission-control/frontend/src/components/ErrorBoundary.tsx": {"lines":{"total":7,"covered":0,"skipped":0,"pct":0},"functions":{"total":4,"covered":0,"skipped":0,"pct":0},"statements":{"total":8,"covered":0,"skipped":0,"pct":0},"branches":{"total":2,"covered":0,"skipped":0,"pct":0}}
,"/home/josue/Documents/Projects/mission-control/frontend/src/components/GlobalSearch.tsx": {"lines":{"total":74,"covered":0,"skipped":0,"pct":0},"functions":{"total":23,"covered":0,"skipped":0,"pct":0},"statements":{"total":103,"covered":0,"skipped":0,"pct":0},"branches":{"total":92,"covered":0,"skipped":0,"pct":0}}
,"/home/josue/Documents/Projects/mission-control/frontend/src/components/KeyboardShortcutsModal.tsx": {"lines":{"total":13,"covered":0,"skipped":0,"pct":0},"functions":{"total":7,"covered":0,"skipped":0,"pct":0},"statements":{"total":17,"covered":0,"skipped":0,"pct":0},"branches":{"total":4,"covered":0,"skipped":0,"pct":0}}
,"/home/josue/Documents/Projects/mission-control/frontend/src/components/LayoutShell.tsx": {"lines":{"total":85,"covered":0,"skipped":0,"pct":0},"functions":{"total":33,"covered":0,"skipped":0,"pct":0},"statements":{"total":109,"covered":0,"skipped":0,"pct":0},"branches":{"total":84,"covered":0,"skipped":0,"pct":0}}
,"/home/josue/Documents/Projects/mission-control/frontend/src/components/Lightbox.tsx": {"lines":{"total":55,"covered":0,"skipped":0,"pct":0},"functions":{"total":15,"covered":0,"skipped":0,"pct":0},"statements":{"total":65,"covered":0,"skipped":0,"pct":0},"branches":{"total":27,"covered":0,"skipped":0,"pct":0}}
,"/home/josue/Documents/Projects/mission-control/frontend/src/components/MarkdownBubble.tsx": {"lines":{"total":4,"covered":0,"skipped":0,"pct":0},"functions":{"total":2,"covered":0,"skipped":0,"pct":0},"statements":{"total":4,"covered":0,"skipped":0,"pct":0},"branches":{"total":0,"covered":0,"skipped":0,"pct":100}}
,"/home/josue/Documents/Projects/mission-control/frontend/src/components/NotificationCenter.tsx": {"lines":{"total":131,"covered":0,"skipped":0,"pct":0},"functions":{"total":55,"covered":0,"skipped":0,"pct":0},"statements":{"total":152,"covered":0,"skipped":0,"pct":0},"branches":{"total":137,"covered":0,"skipped":0,"pct":0}}
,"/home/josue/Documents/Projects/mission-control/frontend/src/components/OnboardingWelcome.tsx": {"lines":{"total":155,"covered":0,"skipped":0,"pct":0},"functions":{"total":41,"covered":0,"skipped":0,"pct":0},"statements":{"total":175,"covered":0,"skipped":0,"pct":0},"branches":{"total":139,"covered":0,"skipped":0,"pct":0}}
,"/home/josue/Documents/Projects/mission-control/frontend/src/components/PageErrorBoundary.tsx": {"lines":{"total":10,"covered":0,"skipped":0,"pct":0},"functions":{"total":6,"covered":0,"skipped":0,"pct":0},"statements":{"total":11,"covered":0,"skipped":0,"pct":0},"branches":{"total":2,"covered":0,"skipped":0,"pct":0}}
,"/home/josue/Documents/Projects/mission-control/frontend/src/components/PageHeader.tsx": {"lines":{"total":52,"covered":0,"skipped":0,"pct":0},"functions":{"total":12,"covered":0,"skipped":0,"pct":0},"statements":{"total":58,"covered":0,"skipped":0,"pct":0},"branches":{"total":49,"covered":0,"skipped":0,"pct":0}}
,"/home/josue/Documents/Projects/mission-control/frontend/src/components/ResizablePanel.tsx": {"lines":{"total":153,"covered":0,"skipped":0,"pct":0},"functions":{"total":28,"covered":0,"skipped":0,"pct":0},"statements":{"total":196,"covered":0,"skipped":0,"pct":0},"branches":{"total":105,"covered":0,"skipped":0,"pct":0}}
,"/home/josue/Documents/Projects/mission-control/frontend/src/components/SecondsAgo.tsx": {"lines":{"total":5,"covered":0,"skipped":0,"pct":0},"functions":{"total":4,"covered":0,"skipped":0,"pct":0},"statements":{"total":7,"covered":0,"skipped":0,"pct":0},"branches":{"total":0,"covered":0,"skipped":0,"pct":100}}
,"/home/josue/Documents/Projects/mission-control/frontend/src/components/Sidebar.tsx": {"lines":{"total":330,"covered":0,"skipped":0,"pct":0},"functions":{"total":96,"covered":0,"skipped":0,"pct":0},"statements":{"total":372,"covered":0,"skipped":0,"pct":0},"branches":{"total":322,"covered":0,"skipped":0,"pct":0}}
,"/home/josue/Documents/Projects/mission-control/frontend/src/components/Skeleton.tsx": {"lines":{"total":18,"covered":0,"skipped":0,"pct":0},"functions":{"total":16,"covered":0,"skipped":0,"pct":0},"statements":{"total":18,"covered":0,"skipped":0,"pct":0},"branches":{"total":23,"covered":0,"skipped":0,"pct":0}}
,"/home/josue/Documents/Projects/mission-control/frontend/src/components/messages/AudioWaveform.tsx": {"lines":{"total":49,"covered":0,"skipped":0,"pct":0},"functions":{"total":15,"covered":0,"skipped":0,"pct":0},"statements":{"total":65,"covered":0,"skipped":0,"pct":0},"branches":{"total":39,"covered":0,"skipped":0,"pct":0}}
,"/home/josue/Documents/Projects/mission-control/frontend/src/components/messages/ContactAvatar.tsx": {"lines":{"total":62,"covered":0,"skipped":0,"pct":0},"functions":{"total":16,"covered":0,"skipped":0,"pct":0},"statements":{"total":77,"covered":0,"skipped":0,"pct":0},"branches":{"total":70,"covered":0,"skipped":0,"pct":0}}
,"/home/josue/Documents/Projects/mission-control/frontend/src/components/messages/LinkPreviewCard.tsx": {"lines":{"total":26,"covered":0,"skipped":0,"pct":0},"functions":{"total":10,"covered":0,"skipped":0,"pct":0},"statements":{"total":33,"covered":0,"skipped":0,"pct":0},"branches":{"total":40,"covered":0,"skipped":0,"pct":0}}
,"/home/josue/Documents/Projects/mission-control/frontend/src/components/messages/MessageMenu.tsx": {"lines":{"total":22,"covered":0,"skipped":0,"pct":0},"functions":{"total":12,"covered":0,"skipped":0,"pct":0},"statements":{"total":25,"covered":0,"skipped":0,"pct":0},"branches":{"total":8,"covered":0,"skipped":0,"pct":0}}
,"/home/josue/Documents/Projects/mission-control/frontend/src/components/messages/ReactionPills.tsx": {"lines":{"total":8,"covered":0,"skipped":0,"pct":0},"functions":{"total":2,"covered":0,"skipped":0,"pct":0},"statements":{"total":9,"covered":0,"skipped":0,"pct":0},"branches":{"total":16,"covered":0,"skipped":0,"pct":0}}
,"/home/josue/Documents/Projects/mission-control/frontend/src/components/messages/VideoThumbnail.tsx": {"lines":{"total":17,"covered":0,"skipped":0,"pct":0},"functions":{"total":6,"covered":0,"skipped":0,"pct":0},"statements":{"total":21,"covered":0,"skipped":0,"pct":0},"branches":{"total":10,"covered":0,"skipped":0,"pct":0}}
,"/home/josue/Documents/Projects/mission-control/frontend/src/hooks/useTauriQuery.ts": {"lines":{"total":2,"covered":0,"skipped":0,"pct":0},"functions":{"total":2,"covered":0,"skipped":0,"pct":0},"statements":{"total":2,"covered":0,"skipped":0,"pct":0},"branches":{"total":0,"covered":0,"skipped":0,"pct":100}}
,"/home/josue/Documents/Projects/mission-control/frontend/src/hooks/messages/index.ts": {"lines":{"total":0,"covered":0,"skipped":0,"pct":100},"functions":{"total":0,"covered":0,"skipped":0,"pct":100},"statements":{"total":0,"covered":0,"skipped":0,"pct":100},"branches":{"total":0,"covered":0,"skipped":0,"pct":100}}
,"/home/josue/Documents/Projects/mission-control/frontend/src/hooks/messages/readOverrides.ts": {"lines":{"total":4,"covered":0,"skipped":0,"pct":0},"functions":{"total":3,"covered":0,"skipped":0,"pct":0},"statements":{"total":4,"covered":0,"skipped":0,"pct":0},"branches":{"total":0,"covered":0,"skipped":0,"pct":100}}
,"/home/josue/Documents/Projects/mission-control/frontend/src/hooks/messages/shared.ts": {"lines":{"total":4,"covered":4,"skipped":0,"pct":100},"functions":{"total":1,"covered":1,"skipped":0,"pct":100},"statements":{"total":5,"covered":5,"skipped":0,"pct":100},"branches":{"total":2,"covered":2,"skipped":0,"pct":100}}
,"/home/josue/Documents/Projects/mission-control/frontend/src/hooks/messages/useConversationList.ts": {"lines":{"total":93,"covered":0,"skipped":0,"pct":0},"functions":{"total":22,"covered":0,"skipped":0,"pct":0},"statements":{"total":120,"covered":0,"skipped":0,"pct":0},"branches":{"total":106,"covered":0,"skipped":0,"pct":0}}
,"/home/josue/Documents/Projects/mission-control/frontend/src/hooks/messages/useMessageCompose.ts": {"lines":{"total":92,"covered":0,"skipped":0,"pct":0},"functions":{"total":27,"covered":0,"skipped":0,"pct":0},"statements":{"total":127,"covered":0,"skipped":0,"pct":0},"branches":{"total":68,"covered":0,"skipped":0,"pct":0}}
,"/home/josue/Documents/Projects/mission-control/frontend/src/hooks/messages/useMessagesSSE.ts": {"lines":{"total":88,"covered":0,"skipped":0,"pct":0},"functions":{"total":17,"covered":0,"skipped":0,"pct":0},"statements":{"total":103,"covered":0,"skipped":0,"pct":0},"branches":{"total":61,"covered":0,"skipped":0,"pct":0}}
,"/home/josue/Documents/Projects/mission-control/frontend/src/lib/api.ts": {"lines":{"total":56,"covered":48,"skipped":0,"pct":85.71},"functions":{"total":11,"covered":6,"skipped":0,"pct":54.54},"statements":{"total":65,"covered":55,"skipped":0,"pct":84.61},"branches":{"total":47,"covered":36,"skipped":0,"pct":76.59}}
,"/home/josue/Documents/Projects/mission-control/frontend/src/lib/audio.ts": {"lines":{"total":38,"covered":38,"skipped":0,"pct":100},"functions":{"total":2,"covered":2,"skipped":0,"pct":100},"statements":{"total":40,"covered":39,"skipped":0,"pct":97.5},"branches":{"total":6,"covered":3,"skipped":0,"pct":50}}
,"/home/josue/Documents/Projects/mission-control/frontend/src/lib/constants.ts": {"lines":{"total":2,"covered":0,"skipped":0,"pct":0},"functions":{"total":0,"covered":0,"skipped":0,"pct":100},"statements":{"total":2,"covered":0,"skipped":0,"pct":0},"branches":{"total":0,"covered":0,"skipped":0,"pct":100}}
,"/home/josue/Documents/Projects/mission-control/frontend/src/lib/database.types.ts": {"lines":{"total":1,"covered":0,"skipped":0,"pct":0},"functions":{"total":0,"covered":0,"skipped":0,"pct":100},"statements":{"total":1,"covered":0,"skipped":0,"pct":0},"branches":{"total":0,"covered":0,"skipped":0,"pct":100}}
,"/home/josue/Documents/Projects/mission-control/frontend/src/lib/demo-data.ts": {"lines":{"total":8,"covered":0,"skipped":0,"pct":0},"functions":{"total":1,"covered":0,"skipped":0,"pct":0},"statements":{"total":9,"covered":0,"skipped":0,"pct":0},"branches":{"total":2,"covered":0,"skipped":0,"pct":0}}
,"/home/josue/Documents/Projects/mission-control/frontend/src/lib/error-reporter.ts": {"lines":{"total":9,"covered":5,"skipped":0,"pct":55.55},"functions":{"total":2,"covered":2,"skipped":0,"pct":100},"statements":{"total":10,"covered":6,"skipped":0,"pct":60},"branches":{"total":4,"covered":2,"skipped":0,"pct":50}}
,"/home/josue/Documents/Projects/mission-control/frontend/src/lib/event-bus.ts": {"lines":{"total":18,"covered":0,"skipped":0,"pct":0},"functions":{"total":5,"covered":0,"skipped":0,"pct":0},"statements":{"total":20,"covered":0,"skipped":0,"pct":0},"branches":{"total":8,"covered":0,"skipped":0,"pct":0}}
,"/home/josue/Documents/Projects/mission-control/frontend/src/lib/keybindings.ts": {"lines":{"total":84,"covered":43,"skipped":0,"pct":51.19},"functions":{"total":35,"covered":17,"skipped":0,"pct":48.57},"statements":{"total":104,"covered":49,"skipped":0,"pct":47.11},"branches":{"total":41,"covered":15,"skipped":0,"pct":36.58}}
,"/home/josue/Documents/Projects/mission-control/frontend/src/lib/migrations.ts": {"lines":{"total":9,"covered":9,"skipped":0,"pct":100},"functions":{"total":1,"covered":1,"skipped":0,"pct":100},"statements":{"total":11,"covered":11,"skipped":0,"pct":100},"branches":{"total":8,"covered":8,"skipped":0,"pct":100}}
,"/home/josue/Documents/Projects/mission-control/frontend/src/lib/modules.ts": {"lines":{"total":18,"covered":17,"skipped":0,"pct":94.44},"functions":{"total":9,"covered":7,"skipped":0,"pct":77.77},"statements":{"total":23,"covered":21,"skipped":0,"pct":91.3},"branches":{"total":4,"covered":3,"skipped":0,"pct":75}}
,"/home/josue/Documents/Projects/mission-control/frontend/src/lib/nav-items.ts": {"lines":{"total":5,"covered":0,"skipped":0,"pct":0},"functions":{"total":1,"covered":0,"skipped":0,"pct":0},"statements":{"total":5,"covered":0,"skipped":0,"pct":0},"branches":{"total":0,"covered":0,"skipped":0,"pct":100}}
,"/home/josue/Documents/Projects/mission-control/frontend/src/lib/offline-queue.ts": {"lines":{"total":36,"covered":3,"skipped":0,"pct":8.33},"functions":{"total":9,"covered":0,"skipped":0,"pct":0},"statements":{"total":39,"covered":3,"skipped":0,"pct":7.69},"branches":{"total":9,"covered":0,"skipped":0,"pct":0}}
,"/home/josue/Documents/Projects/mission-control/frontend/src/lib/page-cache.ts": {"lines":{"total":9,"covered":9,"skipped":0,"pct":100},"functions":{"total":2,"covered":2,"skipped":0,"pct":100},"statements":{"total":10,"covered":10,"skipped":0,"pct":100},"branches":{"total":5,"covered":5,"skipped":0,"pct":100}}
,"/home/josue/Documents/Projects/mission-control/frontend/src/lib/preferences-sync.ts": {"lines":{"total":59,"covered":0,"skipped":0,"pct":0},"functions":{"total":10,"covered":0,"skipped":0,"pct":0},"statements":{"total":61,"covered":0,"skipped":0,"pct":0},"branches":{"total":36,"covered":0,"skipped":0,"pct":0}}
,"/home/josue/Documents/Projects/mission-control/frontend/src/lib/query-keys.ts": {"lines":{"total":5,"covered":0,"skipped":0,"pct":0},"functions":{"total":4,"covered":0,"skipped":0,"pct":0},"statements":{"total":5,"covered":0,"skipped":0,"pct":0},"branches":{"total":0,"covered":0,"skipped":0,"pct":100}}
,"/home/josue/Documents/Projects/mission-control/frontend/src/lib/redact.ts": {"lines":{"total":9,"covered":8,"skipped":0,"pct":88.88},"functions":{"total":3,"covered":2,"skipped":0,"pct":66.66},"statements":{"total":10,"covered":8,"skipped":0,"pct":80},"branches":{"total":4,"covered":3,"skipped":0,"pct":75}}
,"/home/josue/Documents/Projects/mission-control/frontend/src/lib/sidebar-config.ts": {"lines":{"total":179,"covered":0,"skipped":0,"pct":0},"functions":{"total":64,"covered":0,"skipped":0,"pct":0},"statements":{"total":218,"covered":0,"skipped":0,"pct":0},"branches":{"total":116,"covered":0,"skipped":0,"pct":0}}
,"/home/josue/Documents/Projects/mission-control/frontend/src/lib/sidebar-settings.ts": {"lines":{"total":47,"covered":23,"skipped":0,"pct":48.93},"functions":{"total":24,"covered":6,"skipped":0,"pct":25},"statements":{"total":56,"covered":25,"skipped":0,"pct":44.64},"branches":{"total":10,"covered":8,"skipped":0,"pct":80}}
,"/home/josue/Documents/Projects/mission-control/frontend/src/lib/themes.ts": {"lines":{"total":49,"covered":0,"skipped":0,"pct":0},"functions":{"total":13,"covered":0,"skipped":0,"pct":0},"statements":{"total":53,"covered":0,"skipped":0,"pct":0},"branches":{"total":8,"covered":0,"skipped":0,"pct":0}}
,"/home/josue/Documents/Projects/mission-control/frontend/src/lib/titlebar-settings.ts": {"lines":{"total":16,"covered":0,"skipped":0,"pct":0},"functions":{"total":9,"covered":0,"skipped":0,"pct":0},"statements":{"total":21,"covered":0,"skipped":0,"pct":0},"branches":{"total":2,"covered":0,"skipped":0,"pct":0}}
,"/home/josue/Documents/Projects/mission-control/frontend/src/lib/types.ts": {"lines":{"total":0,"covered":0,"skipped":0,"pct":100},"functions":{"total":0,"covered":0,"skipped":0,"pct":100},"statements":{"total":0,"covered":0,"skipped":0,"pct":100},"branches":{"total":0,"covered":0,"skipped":0,"pct":100}}
,"/home/josue/Documents/Projects/mission-control/frontend/src/lib/utils.ts": {"lines":{"total":44,"covered":13,"skipped":0,"pct":29.54},"functions":{"total":7,"covered":2,"skipped":0,"pct":28.57},"statements":{"total":59,"covered":18,"skipped":0,"pct":30.5},"branches":{"total":54,"covered":12,"skipped":0,"pct":22.22}}
,"/home/josue/Documents/Projects/mission-control/frontend/src/lib/hooks/useChatSocket.ts": {"lines":{"total":66,"covered":0,"skipped":0,"pct":0},"functions":{"total":10,"covered":0,"skipped":0,"pct":0},"statements":{"total":72,"covered":0,"skipped":0,"pct":0},"branches":{"total":28,"covered":0,"skipped":0,"pct":0}}
,"/home/josue/Documents/Projects/mission-control/frontend/src/lib/hooks/useEscapeKey.ts": {"lines":{"total":6,"covered":6,"skipped":0,"pct":100},"functions":{"total":4,"covered":4,"skipped":0,"pct":100},"statements":{"total":10,"covered":10,"skipped":0,"pct":100},"branches":{"total":5,"covered":5,"skipped":0,"pct":100}}
,"/home/josue/Documents/Projects/mission-control/frontend/src/lib/hooks/useEventBus.ts": {"lines":{"total":1,"covered":0,"skipped":0,"pct":0},"functions":{"total":2,"covered":0,"skipped":0,"pct":0},"statements":{"total":2,"covered":0,"skipped":0,"pct":0},"branches":{"total":0,"covered":0,"skipped":0,"pct":100}}
,"/home/josue/Documents/Projects/mission-control/frontend/src/lib/hooks/useFocusTrap.ts": {"lines":{"total":21,"covered":0,"skipped":0,"pct":0},"functions":{"total":5,"covered":0,"skipped":0,"pct":0},"statements":{"total":28,"covered":0,"skipped":0,"pct":0},"branches":{"total":18,"covered":0,"skipped":0,"pct":0}}
,"/home/josue/Documents/Projects/mission-control/frontend/src/lib/hooks/useLocalStorageState.ts": {"lines":{"total":11,"covered":11,"skipped":0,"pct":100},"functions":{"total":4,"covered":4,"skipped":0,"pct":100},"statements":{"total":11,"covered":11,"skipped":0,"pct":100},"branches":{"total":4,"covered":3,"skipped":0,"pct":75}}
,"/home/josue/Documents/Projects/mission-control/frontend/src/lib/hooks/usePageTitle.ts": {"lines":{"total":43,"covered":0,"skipped":0,"pct":0},"functions":{"total":9,"covered":0,"skipped":0,"pct":0},"statements":{"total":45,"covered":0,"skipped":0,"pct":0},"branches":{"total":18,"covered":0,"skipped":0,"pct":0}}
,"/home/josue/Documents/Projects/mission-control/frontend/src/lib/hooks/useTodos.ts": {"lines":{"total":30,"covered":0,"skipped":0,"pct":0},"functions":{"total":19,"covered":0,"skipped":0,"pct":0},"statements":{"total":36,"covered":0,"skipped":0,"pct":0},"branches":{"total":14,"covered":0,"skipped":0,"pct":0}}
,"/home/josue/Documents/Projects/mission-control/frontend/src/lib/supabase/client.ts": {"lines":{"total":9,"covered":0,"skipped":0,"pct":0},"functions":{"total":1,"covered":0,"skipped":0,"pct":0},"statements":{"total":10,"covered":0,"skipped":0,"pct":0},"branches":{"total":6,"covered":0,"skipped":0,"pct":0}}
,"/home/josue/Documents/Projects/mission-control/frontend/src/pages/Agents.tsx": {"lines":{"total":80,"covered":0,"skipped":0,"pct":0},"functions":{"total":28,"covered":0,"skipped":0,"pct":0},"statements":{"total":85,"covered":0,"skipped":0,"pct":0},"branches":{"total":108,"covered":0,"skipped":0,"pct":0}}
,"/home/josue/Documents/Projects/mission-control/frontend/src/pages/Calendar.tsx": {"lines":{"total":141,"covered":0,"skipped":0,"pct":0},"functions":{"total":50,"covered":0,"skipped":0,"pct":0},"statements":{"total":167,"covered":0,"skipped":0,"pct":0},"branches":{"total":109,"covered":0,"skipped":0,"pct":0}}
,"/home/josue/Documents/Projects/mission-control/frontend/src/pages/Capture.tsx": {"lines":{"total":76,"covered":0,"skipped":0,"pct":0},"functions":{"total":33,"covered":0,"skipped":0,"pct":0},"statements":{"total":88,"covered":0,"skipped":0,"pct":0},"branches":{"total":62,"covered":0,"skipped":0,"pct":0}}
,"/home/josue/Documents/Projects/mission-control/frontend/src/pages/Chat.tsx": {"lines":{"total":261,"covered":0,"skipped":0,"pct":0},"functions":{"total":107,"covered":0,"skipped":0,"pct":0},"statements":{"total":335,"covered":0,"skipped":0,"pct":0},"branches":{"total":224,"covered":0,"skipped":0,"pct":0}}
,"/home/josue/Documents/Projects/mission-control/frontend/src/pages/CronJobs.tsx": {"lines":{"total":123,"covered":0,"skipped":0,"pct":0},"functions":{"total":33,"covered":0,"skipped":0,"pct":0},"statements":{"total":135,"covered":0,"skipped":0,"pct":0},"branches":{"total":111,"covered":0,"skipped":0,"pct":0}}
,"/home/josue/Documents/Projects/mission-control/frontend/src/pages/CustomPage.tsx": {"lines":{"total":5,"covered":0,"skipped":0,"pct":0},"functions":{"total":2,"covered":0,"skipped":0,"pct":0},"statements":{"total":6,"covered":0,"skipped":0,"pct":0},"branches":{"total":2,"covered":0,"skipped":0,"pct":0}}
,"/home/josue/Documents/Projects/mission-control/frontend/src/pages/Dashboard.tsx": {"lines":{"total":228,"covered":0,"skipped":0,"pct":0},"functions":{"total":87,"covered":0,"skipped":0,"pct":0},"statements":{"total":277,"covered":0,"skipped":0,"pct":0},"branches":{"total":266,"covered":0,"skipped":0,"pct":0}}
,"/home/josue/Documents/Projects/mission-control/frontend/src/pages/Email.tsx": {"lines":{"total":155,"covered":0,"skipped":0,"pct":0},"functions":{"total":61,"covered":0,"skipped":0,"pct":0},"statements":{"total":200,"covered":0,"skipped":0,"pct":0},"branches":{"total":172,"covered":0,"skipped":0,"pct":0}}
,"/home/josue/Documents/Projects/mission-control/frontend/src/pages/HomeLab.tsx": {"lines":{"total":29,"covered":0,"skipped":0,"pct":0},"functions":{"total":11,"covered":0,"skipped":0,"pct":0},"statements":{"total":34,"covered":0,"skipped":0,"pct":0},"branches":{"total":50,"covered":0,"skipped":0,"pct":0}}
,"/home/josue/Documents/Projects/mission-control/frontend/src/pages/Ideas.tsx": {"lines":{"total":1,"covered":0,"skipped":0,"pct":0},"functions":{"total":1,"covered":0,"skipped":0,"pct":0},"statements":{"total":1,"covered":0,"skipped":0,"pct":0},"branches":{"total":0,"covered":0,"skipped":0,"pct":100}}
,"/home/josue/Documents/Projects/mission-control/frontend/src/pages/KnowledgeBase.tsx": {"lines":{"total":74,"covered":0,"skipped":0,"pct":0},"functions":{"total":37,"covered":0,"skipped":0,"pct":0},"statements":{"total":82,"covered":0,"skipped":0,"pct":0},"branches":{"total":69,"covered":0,"skipped":0,"pct":0}}
,"/home/josue/Documents/Projects/mission-control/frontend/src/pages/Login.tsx": {"lines":{"total":184,"covered":0,"skipped":0,"pct":0},"functions":{"total":35,"covered":0,"skipped":0,"pct":0},"statements":{"total":193,"covered":0,"skipped":0,"pct":0},"branches":{"total":160,"covered":0,"skipped":0,"pct":0}}
,"/home/josue/Documents/Projects/mission-control/frontend/src/pages/MediaRadar.tsx": {"lines":{"total":21,"covered":0,"skipped":0,"pct":0},"functions":{"total":5,"covered":0,"skipped":0,"pct":0},"statements":{"total":25,"covered":0,"skipped":0,"pct":0},"branches":{"total":51,"covered":0,"skipped":0,"pct":0}}
,"/home/josue/Documents/Projects/mission-control/frontend/src/pages/Memory.tsx": {"lines":{"total":59,"covered":0,"skipped":0,"pct":0},"functions":{"total":21,"covered":0,"skipped":0,"pct":0},"statements":{"total":63,"covered":0,"skipped":0,"pct":0},"branches":{"total":76,"covered":0,"skipped":0,"pct":0}}
,"/home/josue/Documents/Projects/mission-control/frontend/src/pages/Messages.tsx": {"lines":{"total":663,"covered":0,"skipped":0,"pct":0},"functions":{"total":189,"covered":0,"skipped":0,"pct":0},"statements":{"total":793,"covered":0,"skipped":0,"pct":0},"branches":{"total":966,"covered":0,"skipped":0,"pct":0}}
,"/home/josue/Documents/Projects/mission-control/frontend/src/pages/Missions.tsx": {"lines":{"total":248,"covered":0,"skipped":0,"pct":0},"functions":{"total":78,"covered":0,"skipped":0,"pct":0},"statements":{"total":289,"covered":0,"skipped":0,"pct":0},"branches":{"total":345,"covered":0,"skipped":0,"pct":0}}
,"/home/josue/Documents/Projects/mission-control/frontend/src/pages/NotFound.tsx": {"lines":{"total":7,"covered":0,"skipped":0,"pct":0},"functions":{"total":5,"covered":0,"skipped":0,"pct":0},"statements":{"total":9,"covered":0,"skipped":0,"pct":0},"branches":{"total":0,"covered":0,"skipped":0,"pct":100}}
,"/home/josue/Documents/Projects/mission-control/frontend/src/pages/Notes.tsx": {"lines":{"total":29,"covered":0,"skipped":0,"pct":0},"functions":{"total":19,"covered":0,"skipped":0,"pct":0},"statements":{"total":37,"covered":0,"skipped":0,"pct":0},"branches":{"total":24,"covered":0,"skipped":0,"pct":0}}
,"/home/josue/Documents/Projects/mission-control/frontend/src/pages/Personal.tsx": {"lines":{"total":141,"covered":0,"skipped":0,"pct":0},"functions":{"total":66,"covered":0,"skipped":0,"pct":0},"statements":{"total":169,"covered":0,"skipped":0,"pct":0},"branches":{"total":164,"covered":0,"skipped":0,"pct":0}}
,"/home/josue/Documents/Projects/mission-control/frontend/src/pages/Pipeline.tsx": {"lines":{"total":280,"covered":0,"skipped":0,"pct":0},"functions":{"total":123,"covered":0,"skipped":0,"pct":0},"statements":{"total":341,"covered":0,"skipped":0,"pct":0},"branches":{"total":368,"covered":0,"skipped":0,"pct":0}}
,"/home/josue/Documents/Projects/mission-control/frontend/src/pages/Pomodoro.tsx": {"lines":{"total":293,"covered":0,"skipped":0,"pct":0},"functions":{"total":60,"covered":0,"skipped":0,"pct":0},"statements":{"total":330,"covered":0,"skipped":0,"pct":0},"branches":{"total":195,"covered":0,"skipped":0,"pct":0}}
,"/home/josue/Documents/Projects/mission-control/frontend/src/pages/Reminders.tsx": {"lines":{"total":82,"covered":0,"skipped":0,"pct":0},"functions":{"total":34,"covered":0,"skipped":0,"pct":0},"statements":{"total":111,"covered":0,"skipped":0,"pct":0},"branches":{"total":104,"covered":0,"skipped":0,"pct":0}}
,"/home/josue/Documents/Projects/mission-control/frontend/src/pages/Search.tsx": {"lines":{"total":31,"covered":0,"skipped":0,"pct":0},"functions":{"total":15,"covered":0,"skipped":0,"pct":0},"statements":{"total":33,"covered":0,"skipped":0,"pct":0},"branches":{"total":54,"covered":0,"skipped":0,"pct":0}}
,"/home/josue/Documents/Projects/mission-control/frontend/src/pages/Settings.tsx": {"lines":{"total":1145,"covered":0,"skipped":0,"pct":0},"functions":{"total":329,"covered":0,"skipped":0,"pct":0},"statements":{"total":1412,"covered":0,"skipped":0,"pct":0},"branches":{"total":849,"covered":0,"skipped":0,"pct":0}}
,"/home/josue/Documents/Projects/mission-control/frontend/src/pages/Status.tsx": {"lines":{"total":56,"covered":0,"skipped":0,"pct":0},"functions":{"total":17,"covered":0,"skipped":0,"pct":0},"statements":{"total":66,"covered":0,"skipped":0,"pct":0},"branches":{"total":81,"covered":0,"skipped":0,"pct":0}}
,"/home/josue/Documents/Projects/mission-control/frontend/src/pages/Todos.tsx": {"lines":{"total":71,"covered":0,"skipped":0,"pct":0},"functions":{"total":33,"covered":0,"skipped":0,"pct":0},"statements":{"total":87,"covered":0,"skipped":0,"pct":0},"branches":{"total":74,"covered":0,"skipped":0,"pct":0}}
}
